C:\dev\GamesForFree-demo\GamesForFree\View\dist\out-tsc\e2e\app.po.js
C:\dev\GamesForFree-demo\GamesForFree\View\dist\out-tsc\e2e\app.po.js.map
C:\dev\GamesForFree-demo\GamesForFree\View\dist\out-tsc\e2e\app.e2e-spec.js
C:\dev\GamesForFree-demo\GamesForFree\View\dist\out-tsc\e2e\app.e2e-spec.js.map
C:\dev\GamesForFree-demo\GamesForFree\View\dist\out-tsc\src\app\app.component.js
C:\dev\GamesForFree-demo\GamesForFree\View\dist\out-tsc\src\app\app.component.js.map
C:\dev\GamesForFree-demo\GamesForFree\View\dist\out-tsc\src\app\nav-menu\nav-menu.component.js
C:\dev\GamesForFree-demo\GamesForFree\View\dist\out-tsc\src\app\nav-menu\nav-menu.component.js.map
C:\dev\GamesForFree-demo\GamesForFree\View\dist\out-tsc\src\app\home\home.component.js
C:\dev\GamesForFree-demo\GamesForFree\View\dist\out-tsc\src\app\home\home.component.js.map
C:\dev\GamesForFree-demo\GamesForFree\View\dist\out-tsc\src\app\counter\counter.component.js
C:\dev\GamesForFree-demo\GamesForFree\View\dist\out-tsc\src\app\counter\counter.component.js.map
C:\dev\GamesForFree-demo\GamesForFree\View\dist\out-tsc\src\app\fetch-data\fetch-data.component.js
C:\dev\GamesForFree-demo\GamesForFree\View\dist\out-tsc\src\app\fetch-data\fetch-data.component.js.map
C:\dev\GamesForFree-demo\GamesForFree\View\dist\out-tsc\src\app\store\store.component.js
C:\dev\GamesForFree-demo\GamesForFree\View\dist\out-tsc\src\app\store\store.component.js.map
C:\dev\GamesForFree-demo\GamesForFree\View\dist\out-tsc\src\app\user\login\login.component.js
C:\dev\GamesForFree-demo\GamesForFree\View\dist\out-tsc\src\app\user\login\login.component.js.map
C:\dev\GamesForFree-demo\GamesForFree\View\dist\out-tsc\src\app\user\register\register.component.js
C:\dev\GamesForFree-demo\GamesForFree\View\dist\out-tsc\src\app\user\register\register.component.js.map
C:\dev\GamesForFree-demo\GamesForFree\View\dist\out-tsc\src\app\admin\admin.component.js
C:\dev\GamesForFree-demo\GamesForFree\View\dist\out-tsc\src\app\admin\admin.component.js.map
C:\dev\GamesForFree-demo\GamesForFree\View\dist\out-tsc\src\app\app.module.js
C:\dev\GamesForFree-demo\GamesForFree\View\dist\out-tsc\src\app\app.module.js.map
C:\dev\GamesForFree-demo\GamesForFree\View\dist\out-tsc\src\environments\environment.js
C:\dev\GamesForFree-demo\GamesForFree\View\dist\out-tsc\src\environments\environment.js.map
C:\dev\GamesForFree-demo\GamesForFree\View\dist\out-tsc\src\main.js
C:\dev\GamesForFree-demo\GamesForFree\View\dist\out-tsc\src\main.js.map
C:\dev\GamesForFree-demo\GamesForFree\View\dist\out-tsc\src\polyfills.js
C:\dev\GamesForFree-demo\GamesForFree\View\dist\out-tsc\src\polyfills.js.map
C:\dev\GamesForFree-demo\GamesForFree\View\dist\out-tsc\src\test.js
C:\dev\GamesForFree-demo\GamesForFree\View\dist\out-tsc\src\test.js.map
C:\dev\GamesForFree-demo\GamesForFree\View\dist\out-tsc\src\environments\environment.prod.js
C:\dev\GamesForFree-demo\GamesForFree\View\dist\out-tsc\src\environments\environment.prod.js.map
C:\dev\GamesForFree-demo\GamesForFree\View\dist\out-tsc\src\app\counter\counter.component.spec.js
C:\dev\GamesForFree-demo\GamesForFree\View\dist\out-tsc\src\app\counter\counter.component.spec.js.map
C:\dev\GamesForFree-demo\GamesForFree\View\dist\out-tsc\src\app\user\profile\profile.component.js
C:\dev\GamesForFree-demo\GamesForFree\View\dist\out-tsc\src\app\user\profile\profile.component.js.map
